\BOOKMARK [0][-]{Doc-Start}{Resumen}{}% 1
\BOOKMARK [0][-]{Doc-Start}{Resumen}{}% 2
\BOOKMARK [0][-]{Doc-Start}{Agradecimientos}{}% 3
\BOOKMARK [0][-]{Doc-Start}{\315ndice General}{}% 4
\BOOKMARK [0][-]{chapter*.1}{\315ndice de Figuras}{}% 5
\BOOKMARK [0][-]{chapter*.2}{\315ndice de Tablas}{}% 6
\BOOKMARK [0][-]{chapter*.3}{Lista de acr\363nimos}{}% 7
\BOOKMARK [0][-]{chapter.1}{Introducci\363n y Objetivos}{}% 8
\BOOKMARK [1][-]{section.1.1}{Estado del arte }{chapter.1}% 9
\BOOKMARK [1][-]{section.1.2}{Redes WSN}{chapter.1}% 10
\BOOKMARK [2][-]{subsection.1.2.1}{Redes LPWAN}{section.1.2}% 11
\BOOKMARK [2][-]{subsection.1.2.2}{LoRa}{section.1.2}% 12
\BOOKMARK [1][-]{section.1.3}{Objetivos y motivaciones}{chapter.1}% 13
\BOOKMARK [1][-]{section.1.4}{Metodolog\355a }{chapter.1}% 14
\BOOKMARK [0][-]{chapter.2}{Dise\361o hardware}{}% 15
\BOOKMARK [1][-]{section.2.1}{Herramientas de dise\361o}{chapter.2}% 16
\BOOKMARK [1][-]{section.2.2}{Elecci\363n del hardware}{chapter.2}% 17
\BOOKMARK [2][-]{subsection.2.2.1}{Integrado CMWX1ZZABZ}{section.2.2}% 18
\BOOKMARK [3][-]{subsubsection.2.2.1.1}{Microcontrolador STM32L072}{subsection.2.2.1}% 19
\BOOKMARK [3][-]{subsubsection.2.2.1.2}{Transceptor SX1276}{subsection.2.2.1}% 20
\BOOKMARK [2][-]{subsection.2.2.2}{Conversor anal\363gico/digital AD7194}{section.2.2}% 21
\BOOKMARK [2][-]{subsection.2.2.3}{Sensor de temperatura MCP9808T}{section.2.2}% 22
\BOOKMARK [2][-]{subsection.2.2.4}{Componentes activos}{section.2.2}% 23
\BOOKMARK [2][-]{subsection.2.2.5}{Componentes pasivos}{section.2.2}% 24
\BOOKMARK [3][-]{subsubsection.2.2.5.1}{Termopares}{subsection.2.2.5}% 25
\BOOKMARK [1][-]{section.2.3}{Dise\361o las tarjetas}{chapter.2}% 26
\BOOKMARK [2][-]{subsection.2.3.1}{Dise\361o del nodo b\341sico}{section.2.3}% 27
\BOOKMARK [3][-]{subsubsection.2.3.1.1}{Esquem\341ticos}{subsection.2.3.1}% 28
\BOOKMARK [3][-]{subsubsection.2.3.1.2}{Layout}{subsection.2.3.1}% 29
\BOOKMARK [2][-]{subsection.2.3.2}{Dise\361o de la tarjeta de expaci\363n}{section.2.3}% 30
\BOOKMARK [3][-]{subsubsection.2.3.2.1}{Medida de los termopares}{subsection.2.3.2}% 31
\BOOKMARK [3][-]{subsubsection.2.3.2.2}{Medida de entradas anal\363gicas}{subsection.2.3.2}% 32
\BOOKMARK [3][-]{subsubsection.2.3.2.3}{Media del nivel de bater\355a}{subsection.2.3.2}% 33
\BOOKMARK [3][-]{subsubsection.2.3.2.4}{Alimentaci\363n de los componentes}{subsection.2.3.2}% 34
\BOOKMARK [3][-]{subsubsection.2.3.2.5}{Esquem\341ticos}{subsection.2.3.2}% 35
\BOOKMARK [3][-]{subsubsection.2.3.2.6}{Layout}{subsection.2.3.2}% 36
\BOOKMARK [1][-]{section.2.4}{Lista de componentes}{chapter.2}% 37
\BOOKMARK [1][-]{section.2.5}{Fabricaci\363n y montaje}{chapter.2}% 38
\BOOKMARK [0][-]{chapter.3}{Dise\361o software}{}% 39
\BOOKMARK [1][-]{section.3.1}{Dise\361o del protocolo}{chapter.3}% 40
\BOOKMARK [2][-]{subsection.3.1.1}{Formato de trama}{section.3.1}% 41
\BOOKMARK [3][-]{subsubsection.3.1.1.1}{Trama de conexi\363n}{subsection.3.1.1}% 42
\BOOKMARK [3][-]{subsubsection.3.1.1.2}{Trama de configuraci\363n}{subsection.3.1.1}% 43
\BOOKMARK [3][-]{subsubsection.3.1.1.3}{Trama de datos}{subsection.3.1.1}% 44
\BOOKMARK [2][-]{subsection.3.1.2}{Comportamiento del protocolo}{section.3.1}% 45
\BOOKMARK [3][-]{subsubsection.3.1.2.1}{Conexi\363n de un nodo a la red}{subsection.3.1.2}% 46
\BOOKMARK [3][-]{subsubsection.3.1.2.2}{Env\355o y recepci\363n de datos}{subsection.3.1.2}% 47
\BOOKMARK [3][-]{subsubsection.3.1.2.3}{Tratamiento de errores}{subsection.3.1.2}% 48
\BOOKMARK [1][-]{section.3.2}{Implementaci\363n}{chapter.3}% 49
\BOOKMARK [2][-]{subsection.3.2.1}{Fundamentos te\363ricos}{section.3.2}% 50
\BOOKMARK [3][-]{subsubsection.3.2.1.1}{Sistemas embebidos}{subsection.3.2.1}% 51
\BOOKMARK [3][-]{subsubsection.3.2.1.2}{Sistemas operativos de tiempo real \(RTOs}{subsection.3.2.1}% 52
\BOOKMARK [3][-]{subsubsection.3.2.1.3}{M\341quinas de estados extendidas \(xFSM\)}{subsection.3.2.1}% 53
\BOOKMARK [3][-]{subsubsection.3.2.1.4}{Colas circulares }{subsection.3.2.1}% 54
\BOOKMARK [2][-]{subsection.3.2.2}{Descripci\363n del entorno}{section.3.2}% 55
\BOOKMARK [3][-]{subsubsection.3.2.2.1}{Drivers, Librer\355as y \372tiles}{subsection.3.2.2}% 56
\BOOKMARK [3][-]{subsubsection.3.2.2.2}{Herramientas de edici\363n, compilaci\363n y depuraci\363n}{subsection.3.2.2}% 57
\BOOKMARK [2][-]{subsection.3.2.3}{Modelado del comportamiento de los nodos}{section.3.2}% 58
\BOOKMARK [2][-]{subsection.3.2.4}{Modelado del comportamiento del nodo maestro}{section.3.2}% 59
\BOOKMARK [2][-]{subsection.3.2.5}{Estructura del c\363digo}{section.3.2}% 60
\BOOKMARK [2][-]{subsection.3.2.6}{Proceso de dise\361o e implementaci\363n}{section.3.2}% 61
\BOOKMARK [2][-]{subsection.3.2.7}{Resultados obtenidos}{section.3.2}% 62
\BOOKMARK [0][-]{chapter.4}{Conclusiones y l\355neas futuras}{}% 63
\BOOKMARK [1][-]{section.4.1}{Conclusiones}{chapter.4}% 64
\BOOKMARK [0][-]{section.4.1}{Bibliograf\355a}{}% 65
