Removed Pin From Net: NetName=AGND Pin=U5-33
Change Component Designator: OldDesignator=12 NewDesignator=P2
Change Component Designator: OldDesignator=12 NewDesignator=P3
Added Component: Designator=P1(EdgeConn-5P)
Add component. Clean all parameters for all variants
Add component (AddParameter): Name = "LatestRevisionDate"; Value = "17-Jul-2002"; VariantName = "[No Variations]"
Add component (AddParameter): Name = "LatestRevisionNote"; Value = "Re-released for DXP Platform."; VariantName = "[No Variations]"
Add component (AddParameter): Name = "Publisher"; Value = "Altium Limited"; VariantName = "[No Variations]"
Added Pin To Net: NetName=3v3E Pin=P1-1
Added Pin To Net: NetName=AGND Pin=P1-5
Added Pin To Net: NetName=SWDIO Pin=P1-4
Added Pin To Net: NetName=SWDIO Pin=U1-9
Added Net: Name=SWDIO
Added Pin To Net: NetName=SWSCK Pin=P1-3
Added Pin To Net: NetName=SWSCK Pin=U1-8
Added Net: Name=SWSCK
Added Member To Class: ClassName=Sheet1 Member=Component P1 SWD
Added Member To Class: ClassName=Sheet1 Member=Component P2 HEADER
Added Room: Name=Sheet1
Added Room: Name=supply
