Change Component Comment : Designator=F1 Old Comment=50mA 60V 1206 New Comment=MICROSMD005F
Change Component Comment : Designator=F2 Old Comment=50mA 60V 1206 New Comment=MICROSMD005F
Change Component Comment : Designator=F3 Old Comment=50mA 60V 1206 New Comment=MICROSMD005F
Change component parameters: Designator = "F1"; UniqueID = "\WXQVCFGJ"
Change component parameters. Clean all parameters for all variants
Change component parameters (AddParameter): Name = "Brand"; Value = "Littelfuse"; VariantName = "[No Variations]"
Change component parameters (AddParameter): Name = "Category"; Value = "Resettable Fuses - PPTC"; VariantName = "[No Variations]"
Change component parameters (AddParameter): Name = "ComponentLink1Description"; Value = "https://www.mouser.com/datasheet/2/240/Littelfuse_PTC_MICROSMD_Catalog_Datasheet.pdf-1021745.pdf"; VariantName = "[No Variations]"
Change component parameters (AddParameter): Name = "ComponentLink1URL"; Value = "https://www.mouser.com/datasheet/2/240/Littelfuse_PTC_MICROSMD_Catalog_Datasheet.pdf-1021745.pdf"; VariantName = "[No Variations]"
Change component parameters (AddParameter): Name = "Current Rating - Max"; Value = "10 A"; VariantName = "[No Variations]"
Change component parameters (AddParameter): Name = "Height"; Value = "0.85 mm"; VariantName = "[No Variations]"
Change component parameters (AddParameter): Name = "Hold Current"; Value = "50 mA"; VariantName = "[No Variations]"
Change component parameters (AddParameter): Name = "Length"; Value = "3.43 mm"; VariantName = "[No Variations]"
Change component parameters (AddParameter): Name = "Manufacturer"; Value = "Littelfuse"; VariantName = "[No Variations]"
Change component parameters (AddParameter): Name = "Manufacturer Part Number"; Value = "MICROSMD005F-2"; VariantName = "[No Variations]"
Change component parameters (AddParameter): Name = "Maximum Operating Temperature"; Value = "+ 85 C"; VariantName = "[No Variations]"
Change component parameters (AddParameter): Name = "Maximum Voltage"; Value = "30 V"; VariantName = "[No Variations]"
Change component parameters (AddParameter): Name = "Minimum Operating Temperature"; Value = "- 40 C"; VariantName = "[No Variations]"
Change component parameters (AddParameter): Name = "Minimum Order Quantity"; Value = "1"; VariantName = "[No Variations]"
Change component parameters (AddParameter): Name = "Mounting Style"; Value = "SMD/SMT"; VariantName = "[No Variations]"
Change component parameters (AddParameter): Name = "Package / Case"; Value = "1210 (3225 metric)"; VariantName = "[No Variations]"
Change component parameters (AddParameter): Name = "Packaging"; Value = "Cut Tape"; VariantName = "[No Variations]"
Change component parameters (AddParameter): Name = "Pd - Power Dissipation"; Value = "1 W"; VariantName = "[No Variations]"
Change component parameters (AddParameter): Name = "Pricing 1"; Value = "1=0.384, 10=0.301, 100=0.251, 250=0.227, 500=0.194, 1000=0.170, 4000=0.170 (EUR)"; VariantName = "[No Variations]"
Change component parameters (AddParameter): Name = "Product Type"; Value = "Resettable Fuses - PPTC"; VariantName = "[No Variations]"
Change component parameters (AddParameter): Name = "Reeling"; Value = "True"; VariantName = "[No Variations]"
Change component parameters (AddParameter): Name = "Resistance"; Value = "50 Ohms"; VariantName = "[No Variations]"
Change component parameters (AddParameter): Name = "RoHS"; Value = "RoHS Compliant"; VariantName = "[No Variations]"
Change component parameters (AddParameter): Name = "RoHS - Mouser"; Value = "Y"; VariantName = "[No Variations]"
Change component parameters (AddParameter): Name = "Series"; Value = "microSMD"; VariantName = "[No Variations]"
Change component parameters (AddParameter): Name = "Standard Pack Qty"; Value = "4000"; VariantName = "[No Variations]"
Change component parameters (AddParameter): Name = "Stock 1"; Value = "33972"; VariantName = "[No Variations]"
Change component parameters (AddParameter): Name = "Subcategory"; Value = "PPTC Resettable Fuses"; VariantName = "[No Variations]"
Change component parameters (AddParameter): Name = "Supplier 1"; Value = "Mouser"; VariantName = "[No Variations]"
Change component parameters (AddParameter): Name = "Supplier Part Number 1"; Value = "650-MICROSMD005F-2"; VariantName = "[No Variations]"
Change component parameters (AddParameter): Name = "Termination Style"; Value = "SMD/SMT"; VariantName = "[No Variations]"
Change component parameters (AddParameter): Name = "Tradename"; Value = "PolySwitch"; VariantName = "[No Variations]"
Change component parameters (AddParameter): Name = "Trip Current"; Value = "150 mA"; VariantName = "[No Variations]"
Change component parameters (AddParameter): Name = "Type"; Value = "PolySwitch Resettable Fuses"; VariantName = "[No Variations]"
Change component parameters (AddParameter): Name = "Width"; Value = "2.8 mm"; VariantName = "[No Variations]"
Change component parameters: Designator = "F2"; UniqueID = "\XPQSYTVO"
Change component parameters. Clean all parameters for all variants
Change component parameters (AddParameter): Name = "Brand"; Value = "Littelfuse"; VariantName = "[No Variations]"
Change component parameters (AddParameter): Name = "Category"; Value = "Resettable Fuses - PPTC"; VariantName = "[No Variations]"
Change component parameters (AddParameter): Name = "ComponentLink1Description"; Value = "https://www.mouser.com/datasheet/2/240/Littelfuse_PTC_MICROSMD_Catalog_Datasheet.pdf-1021745.pdf"; VariantName = "[No Variations]"
Change component parameters (AddParameter): Name = "ComponentLink1URL"; Value = "https://www.mouser.com/datasheet/2/240/Littelfuse_PTC_MICROSMD_Catalog_Datasheet.pdf-1021745.pdf"; VariantName = "[No Variations]"
Change component parameters (AddParameter): Name = "Current Rating - Max"; Value = "10 A"; VariantName = "[No Variations]"
Change component parameters (AddParameter): Name = "Height"; Value = "0.85 mm"; VariantName = "[No Variations]"
Change component parameters (AddParameter): Name = "Hold Current"; Value = "50 mA"; VariantName = "[No Variations]"
Change component parameters (AddParameter): Name = "Length"; Value = "3.43 mm"; VariantName = "[No Variations]"
Change component parameters (AddParameter): Name = "Manufacturer"; Value = "Littelfuse"; VariantName = "[No Variations]"
Change component parameters (AddParameter): Name = "Manufacturer Part Number"; Value = "MICROSMD005F-2"; VariantName = "[No Variations]"
Change component parameters (AddParameter): Name = "Maximum Operating Temperature"; Value = "+ 85 C"; VariantName = "[No Variations]"
Change component parameters (AddParameter): Name = "Maximum Voltage"; Value = "30 V"; VariantName = "[No Variations]"
Change component parameters (AddParameter): Name = "Minimum Operating Temperature"; Value = "- 40 C"; VariantName = "[No Variations]"
Change component parameters (AddParameter): Name = "Minimum Order Quantity"; Value = "1"; VariantName = "[No Variations]"
Change component parameters (AddParameter): Name = "Mounting Style"; Value = "SMD/SMT"; VariantName = "[No Variations]"
Change component parameters (AddParameter): Name = "Package / Case"; Value = "1210 (3225 metric)"; VariantName = "[No Variations]"
Change component parameters (AddParameter): Name = "Packaging"; Value = "Cut Tape"; VariantName = "[No Variations]"
Change component parameters (AddParameter): Name = "Pd - Power Dissipation"; Value = "1 W"; VariantName = "[No Variations]"
Change component parameters (AddParameter): Name = "Pricing 1"; Value = "1=0.384, 10=0.301, 100=0.251, 250=0.227, 500=0.194, 1000=0.170, 4000=0.170 (EUR)"; VariantName = "[No Variations]"
Change component parameters (AddParameter): Name = "Product Type"; Value = "Resettable Fuses - PPTC"; VariantName = "[No Variations]"
Change component parameters (AddParameter): Name = "Reeling"; Value = "True"; VariantName = "[No Variations]"
Change component parameters (AddParameter): Name = "Resistance"; Value = "50 Ohms"; VariantName = "[No Variations]"
Change component parameters (AddParameter): Name = "RoHS"; Value = "RoHS Compliant"; VariantName = "[No Variations]"
Change component parameters (AddParameter): Name = "RoHS - Mouser"; Value = "Y"; VariantName = "[No Variations]"
Change component parameters (AddParameter): Name = "Series"; Value = "microSMD"; VariantName = "[No Variations]"
Change component parameters (AddParameter): Name = "Standard Pack Qty"; Value = "4000"; VariantName = "[No Variations]"
Change component parameters (AddParameter): Name = "Stock 1"; Value = "33972"; VariantName = "[No Variations]"
Change component parameters (AddParameter): Name = "Subcategory"; Value = "PPTC Resettable Fuses"; VariantName = "[No Variations]"
Change component parameters (AddParameter): Name = "Supplier 1"; Value = "Mouser"; VariantName = "[No Variations]"
Change component parameters (AddParameter): Name = "Supplier Part Number 1"; Value = "650-MICROSMD005F-2"; VariantName = "[No Variations]"
Change component parameters (AddParameter): Name = "Termination Style"; Value = "SMD/SMT"; VariantName = "[No Variations]"
Change component parameters (AddParameter): Name = "Tradename"; Value = "PolySwitch"; VariantName = "[No Variations]"
Change component parameters (AddParameter): Name = "Trip Current"; Value = "150 mA"; VariantName = "[No Variations]"
Change component parameters (AddParameter): Name = "Type"; Value = "PolySwitch Resettable Fuses"; VariantName = "[No Variations]"
Change component parameters (AddParameter): Name = "Width"; Value = "2.8 mm"; VariantName = "[No Variations]"
Change component parameters: Designator = "F3"; UniqueID = "\IBNYAAUB"
Change component parameters. Clean all parameters for all variants
Change component parameters (AddParameter): Name = "Brand"; Value = "Littelfuse"; VariantName = "[No Variations]"
Change component parameters (AddParameter): Name = "Category"; Value = "Resettable Fuses - PPTC"; VariantName = "[No Variations]"
Change component parameters (AddParameter): Name = "ComponentLink1Description"; Value = "https://www.mouser.com/datasheet/2/240/Littelfuse_PTC_MICROSMD_Catalog_Datasheet.pdf-1021745.pdf"; VariantName = "[No Variations]"
Change component parameters (AddParameter): Name = "ComponentLink1URL"; Value = "https://www.mouser.com/datasheet/2/240/Littelfuse_PTC_MICROSMD_Catalog_Datasheet.pdf-1021745.pdf"; VariantName = "[No Variations]"
Change component parameters (AddParameter): Name = "Current Rating - Max"; Value = "10 A"; VariantName = "[No Variations]"
Change component parameters (AddParameter): Name = "Height"; Value = "0.85 mm"; VariantName = "[No Variations]"
Change component parameters (AddParameter): Name = "Hold Current"; Value = "50 mA"; VariantName = "[No Variations]"
Change component parameters (AddParameter): Name = "Length"; Value = "3.43 mm"; VariantName = "[No Variations]"
Change component parameters (AddParameter): Name = "Manufacturer"; Value = "Littelfuse"; VariantName = "[No Variations]"
Change component parameters (AddParameter): Name = "Manufacturer Part Number"; Value = "MICROSMD005F-2"; VariantName = "[No Variations]"
Change component parameters (AddParameter): Name = "Maximum Operating Temperature"; Value = "+ 85 C"; VariantName = "[No Variations]"
Change component parameters (AddParameter): Name = "Maximum Voltage"; Value = "30 V"; VariantName = "[No Variations]"
Change component parameters (AddParameter): Name = "Minimum Operating Temperature"; Value = "- 40 C"; VariantName = "[No Variations]"
Change component parameters (AddParameter): Name = "Minimum Order Quantity"; Value = "1"; VariantName = "[No Variations]"
Change component parameters (AddParameter): Name = "Mounting Style"; Value = "SMD/SMT"; VariantName = "[No Variations]"
Change component parameters (AddParameter): Name = "Package / Case"; Value = "1210 (3225 metric)"; VariantName = "[No Variations]"
Change component parameters (AddParameter): Name = "Packaging"; Value = "Cut Tape"; VariantName = "[No Variations]"
Change component parameters (AddParameter): Name = "Pd - Power Dissipation"; Value = "1 W"; VariantName = "[No Variations]"
Change component parameters (AddParameter): Name = "Pricing 1"; Value = "1=0.384, 10=0.301, 100=0.251, 250=0.227, 500=0.194, 1000=0.170, 4000=0.170 (EUR)"; VariantName = "[No Variations]"
Change component parameters (AddParameter): Name = "Product Type"; Value = "Resettable Fuses - PPTC"; VariantName = "[No Variations]"
Change component parameters (AddParameter): Name = "Reeling"; Value = "True"; VariantName = "[No Variations]"
Change component parameters (AddParameter): Name = "Resistance"; Value = "50 Ohms"; VariantName = "[No Variations]"
Change component parameters (AddParameter): Name = "RoHS"; Value = "RoHS Compliant"; VariantName = "[No Variations]"
Change component parameters (AddParameter): Name = "RoHS - Mouser"; Value = "Y"; VariantName = "[No Variations]"
Change component parameters (AddParameter): Name = "Series"; Value = "microSMD"; VariantName = "[No Variations]"
Change component parameters (AddParameter): Name = "Standard Pack Qty"; Value = "4000"; VariantName = "[No Variations]"
Change component parameters (AddParameter): Name = "Stock 1"; Value = "33972"; VariantName = "[No Variations]"
Change component parameters (AddParameter): Name = "Subcategory"; Value = "PPTC Resettable Fuses"; VariantName = "[No Variations]"
Change component parameters (AddParameter): Name = "Supplier 1"; Value = "Mouser"; VariantName = "[No Variations]"
Change component parameters (AddParameter): Name = "Supplier Part Number 1"; Value = "650-MICROSMD005F-2"; VariantName = "[No Variations]"
Change component parameters (AddParameter): Name = "Termination Style"; Value = "SMD/SMT"; VariantName = "[No Variations]"
Change component parameters (AddParameter): Name = "Tradename"; Value = "PolySwitch"; VariantName = "[No Variations]"
Change component parameters (AddParameter): Name = "Trip Current"; Value = "150 mA"; VariantName = "[No Variations]"
Change component parameters (AddParameter): Name = "Type"; Value = "PolySwitch Resettable Fuses"; VariantName = "[No Variations]"
Change component parameters (AddParameter): Name = "Width"; Value = "2.8 mm"; VariantName = "[No Variations]"
Added Room: Name=Sheet1
Added Room: Name=supply
