Replace Part C1 C0603C104J3RAC in D:\OneDrive\workspace\altium\Work\lora_carrier\Sheet1.SchDoc with C0603C104J3RAC from lora_carrier.SCHLIB
Replace Part C2 885012206089 in D:\OneDrive\workspace\altium\Work\lora_carrier\Sheet1.SchDoc with 885012206089 from lora_carrier.SCHLIB
Replace Part C3 885012206089 in D:\OneDrive\workspace\altium\Work\lora_carrier\Sheet1.SchDoc with 885012206089 from lora_carrier.SCHLIB
Replace Part C4 C0603C104J3RAC in D:\OneDrive\workspace\altium\Work\lora_carrier\Sheet1.SchDoc with C0603C104J3RAC from lora_carrier.SCHLIB
Replace Part C5 885012206089 in D:\OneDrive\workspace\altium\Work\lora_carrier\Sheet1.SchDoc with 885012206089 from lora_carrier.SCHLIB
Replace Part C6 885012206089 in D:\OneDrive\workspace\altium\Work\lora_carrier\Sheet1.SchDoc with 885012206089 from lora_carrier.SCHLIB
Replace Part C7 C0603C104J3RAC in D:\OneDrive\workspace\altium\Work\lora_carrier\Sheet1.SchDoc with C0603C104J3RAC from lora_carrier.SCHLIB
Replace Part C8 885012206089 in D:\OneDrive\workspace\altium\Work\lora_carrier\Sheet1.SchDoc with 885012206089 from lora_carrier.SCHLIB
Replace Part C9 885012206089 in D:\OneDrive\workspace\altium\Work\lora_carrier\Sheet1.SchDoc with 885012206089 from lora_carrier.SCHLIB
Replace Part C10 JMK107BJ475KA-T in D:\OneDrive\workspace\altium\Work\lora_carrier\Sheet1.SchDoc with JMK107BJ475KA-T from lora_carrier.SCHLIB
Replace Part C11 885012206089 in D:\OneDrive\workspace\altium\Work\lora_carrier\Sheet1.SchDoc with 885012206089 from lora_carrier.SCHLIB
Replace Part C12 JMK107BJ475KA-T in D:\OneDrive\workspace\altium\Work\lora_carrier\Sheet1.SchDoc with JMK107BJ475KA-T from lora_carrier.SCHLIB
Replace Part C13 885012206089 in D:\OneDrive\workspace\altium\Work\lora_carrier\Sheet1.SchDoc with 885012206089 from lora_carrier.SCHLIB
Replace Part C14 C0603C104J3RAC in D:\OneDrive\workspace\altium\Work\lora_carrier\Sheet1.SchDoc with C0603C104J3RAC from lora_carrier.SCHLIB
Replace Part C15 885012206089 in D:\OneDrive\workspace\altium\Work\lora_carrier\Sheet1.SchDoc with 885012206089 from lora_carrier.SCHLIB
Replace Part C16 885012206089 in D:\OneDrive\workspace\altium\Work\lora_carrier\Sheet1.SchDoc with 885012206089 from lora_carrier.SCHLIB
Replace Part C17 C0603C104J3RAC in D:\OneDrive\workspace\altium\Work\lora_carrier\Sheet1.SchDoc with C0603C104J3RAC from lora_carrier.SCHLIB
Replace Part C18 885012206089 in D:\OneDrive\workspace\altium\Work\lora_carrier\Sheet1.SchDoc with 885012206089 from lora_carrier.SCHLIB
Replace Part C19 885012206089 in D:\OneDrive\workspace\altium\Work\lora_carrier\Sheet1.SchDoc with 885012206089 from lora_carrier.SCHLIB
Replace Part C20 885012206052 in D:\OneDrive\workspace\altium\Work\lora_carrier\Sheet1.SchDoc with 885012206052 from lora_carrier.SCHLIB
Replace Part C21 C0603C104J3RAC in D:\OneDrive\workspace\altium\Work\lora_carrier\Sheet1.SchDoc with C0603C104J3RAC from lora_carrier.SCHLIB
Replace Part C22 885012206089 in D:\OneDrive\workspace\altium\Work\lora_carrier\Sheet1.SchDoc with 885012206089 from lora_carrier.SCHLIB
Replace Part C23 885012206089 in D:\OneDrive\workspace\altium\Work\lora_carrier\Sheet1.SchDoc with 885012206089 from lora_carrier.SCHLIB
Replace Part C24 0603_CAP in D:\OneDrive\workspace\altium\Work\lora_carrier\Sheet1.SchDoc with 0603_CAP from lora_carrier.SCHLIB
Replace Part D1 150060RS75000 in D:\OneDrive\workspace\altium\Work\lora_carrier\Sheet1.SchDoc with 150060RS75000 from lora_carrier.SCHLIB
Replace Part D2 SMBJ10A-13-F in D:\OneDrive\workspace\altium\Work\lora_carrier\Sheet1.SchDoc with SMBJ10A-13-F from lora_carrier.SCHLIB
Replace Part D3 SMBJ10A-13-F in D:\OneDrive\workspace\altium\Work\lora_carrier\Sheet1.SchDoc with SMBJ10A-13-F from lora_carrier.SCHLIB
Replace Part D4 SMBJ10A-13-F in D:\OneDrive\workspace\altium\Work\lora_carrier\Sheet1.SchDoc with SMBJ10A-13-F from lora_carrier.SCHLIB
Replace Part F1 0ZCJ0005FF2E in D:\OneDrive\workspace\altium\Work\lora_carrier\Sheet1.SchDoc with 0ZCJ0005FF2E from lora_carrier.SCHLIB
Replace Part F2 0ZCJ0005FF2E in D:\OneDrive\workspace\altium\Work\lora_carrier\Sheet1.SchDoc with 0ZCJ0005FF2E from lora_carrier.SCHLIB
Replace Part F3 0ZCJ0005FF2E in D:\OneDrive\workspace\altium\Work\lora_carrier\Sheet1.SchDoc with 0ZCJ0005FF2E from lora_carrier.SCHLIB
Replace Part P1 Header 2 in D:\OneDrive\workspace\altium\Work\lora_carrier\Sheet1.SchDoc with Header 2 from Miscellaneous Connectors.IntLib
Replace Part P2 Header 2 in D:\OneDrive\workspace\altium\Work\lora_carrier\Sheet1.SchDoc with Header 2 from Miscellaneous Connectors.IntLib
Replace Part P3 Header 2 in D:\OneDrive\workspace\altium\Work\lora_carrier\Sheet1.SchDoc with Header 2 from Miscellaneous Connectors.IntLib
Replace Part P4 Header 9 in D:\OneDrive\workspace\altium\Work\lora_carrier\Sheet1.SchDoc with Header 9 from Miscellaneous Connectors.IntLib
Replace Part P5 Header 2 in D:\OneDrive\workspace\altium\Work\lora_carrier\Sheet1.SchDoc with Header 2 from Miscellaneous Connectors.IntLib
Replace Part P6 Header 2 in D:\OneDrive\workspace\altium\Work\lora_carrier\Sheet1.SchDoc with Header 2 from Miscellaneous Connectors.IntLib
Replace Part P7 Header 2 in D:\OneDrive\workspace\altium\Work\lora_carrier\Sheet1.SchDoc with Header 2 from Miscellaneous Connectors.IntLib
Replace Part P9 Header 2 in D:\OneDrive\workspace\altium\Work\lora_carrier\Sheet1.SchDoc with Header 2 from Miscellaneous Connectors.IntLib
Replace Part Q1 FDV305N in D:\OneDrive\workspace\altium\Work\lora_carrier\Sheet1.SchDoc with FDV305N from lora_carrier.SCHLIB
Replace Part Q2 FDV305N in D:\OneDrive\workspace\altium\Work\lora_carrier\Sheet1.SchDoc with FDV305N from lora_carrier.SCHLIB
Replace Part Q3 FDV305N in D:\OneDrive\workspace\altium\Work\lora_carrier\Sheet1.SchDoc with FDV305N from lora_carrier.SCHLIB
Replace Part R1 CRCW06031K00FKEAC in D:\OneDrive\workspace\altium\Work\lora_carrier\Sheet1.SchDoc with CRCW06031K00FKEAC from lora_carrier.SCHLIB
Replace Part R2 AC0603FR-13470RL in D:\OneDrive\workspace\altium\Work\lora_carrier\Sheet1.SchDoc with AC0603FR-13470RL from lora_carrier.SCHLIB
Replace Part R3 CRCW06031K00FKEAC in D:\OneDrive\workspace\altium\Work\lora_carrier\Sheet1.SchDoc with CRCW06031K00FKEAC from lora_carrier.SCHLIB
Replace Part R4 SFR03EZPF1002 in D:\OneDrive\workspace\altium\Work\lora_carrier\Sheet1.SchDoc with SFR03EZPF1002 from lora_carrier.SCHLIB
Replace Part R5 RC0603FR-0710KL in D:\OneDrive\workspace\altium\Work\lora_carrier\Sheet1.SchDoc with RC0603FR-0710KL from lora_carrier.SCHLIB
Replace Part R6 RC0603FR-0710KL in D:\OneDrive\workspace\altium\Work\lora_carrier\Sheet1.SchDoc with RC0603FR-0710KL from lora_carrier.SCHLIB
Replace Part R7 CRCW06031K00FKEAC in D:\OneDrive\workspace\altium\Work\lora_carrier\Sheet1.SchDoc with CRCW06031K00FKEAC from lora_carrier.SCHLIB
Replace Part R8 CRCW06031K00FKEAC in D:\OneDrive\workspace\altium\Work\lora_carrier\Sheet1.SchDoc with CRCW06031K00FKEAC from lora_carrier.SCHLIB
Replace Part R9 SFR03EZPF1002 in D:\OneDrive\workspace\altium\Work\lora_carrier\Sheet1.SchDoc with SFR03EZPF1002 from lora_carrier.SCHLIB
Replace Part R10 RC0603FR-077K5L in D:\OneDrive\workspace\altium\Work\lora_carrier\Sheet1.SchDoc with RC0603FR-077K5L from lora_carrier.SCHLIB
Replace Part R11 RC0603FR-07523RL in D:\OneDrive\workspace\altium\Work\lora_carrier\Sheet1.SchDoc with RC0603FR-07523RL from lora_carrier.SCHLIB
Replace Part R12 CRCW06031K00FKEAC in D:\OneDrive\workspace\altium\Work\lora_carrier\Sheet1.SchDoc with CRCW06031K00FKEAC from lora_carrier.SCHLIB
Replace Part R13 RC0603FR-072K49L in D:\OneDrive\workspace\altium\Work\lora_carrier\Sheet1.SchDoc with RC0603FR-072K49L from lora_carrier.SCHLIB
Replace Part R14 CRCW06031K00FKEAC in D:\OneDrive\workspace\altium\Work\lora_carrier\Sheet1.SchDoc with CRCW06031K00FKEAC from lora_carrier.SCHLIB
Replace Part R15 SFR03EZPF1002 in D:\OneDrive\workspace\altium\Work\lora_carrier\Sheet1.SchDoc with SFR03EZPF1002 from lora_carrier.SCHLIB
Replace Part R16 RC0603FR-077K5L in D:\OneDrive\workspace\altium\Work\lora_carrier\Sheet1.SchDoc with RC0603FR-077K5L from lora_carrier.SCHLIB
Replace Part R17 RC0603FR-07523RL in D:\OneDrive\workspace\altium\Work\lora_carrier\Sheet1.SchDoc with RC0603FR-07523RL from lora_carrier.SCHLIB
Replace Part R18 CRCW06031K00FKEAC in D:\OneDrive\workspace\altium\Work\lora_carrier\Sheet1.SchDoc with CRCW06031K00FKEAC from lora_carrier.SCHLIB
Replace Part R19 CRCW06031K00FKEAC in D:\OneDrive\workspace\altium\Work\lora_carrier\Sheet1.SchDoc with CRCW06031K00FKEAC from lora_carrier.SCHLIB
Replace Part R20 RC0603FR-072K49L in D:\OneDrive\workspace\altium\Work\lora_carrier\Sheet1.SchDoc with RC0603FR-072K49L from lora_carrier.SCHLIB
Replace Part R21 SFR03EZPF1002 in D:\OneDrive\workspace\altium\Work\lora_carrier\Sheet1.SchDoc with SFR03EZPF1002 from lora_carrier.SCHLIB
Replace Part R22 RC0603FR-077K5L in D:\OneDrive\workspace\altium\Work\lora_carrier\Sheet1.SchDoc with RC0603FR-077K5L from lora_carrier.SCHLIB
Replace Part R23 RC0603FR-07523RL in D:\OneDrive\workspace\altium\Work\lora_carrier\Sheet1.SchDoc with RC0603FR-07523RL from lora_carrier.SCHLIB
Replace Part R24 CRCW06031K00FKEAC in D:\OneDrive\workspace\altium\Work\lora_carrier\Sheet1.SchDoc with CRCW06031K00FKEAC from lora_carrier.SCHLIB
Replace Part R25 CRCW06031K00FKEAC in D:\OneDrive\workspace\altium\Work\lora_carrier\Sheet1.SchDoc with CRCW06031K00FKEAC from lora_carrier.SCHLIB
Replace Part R26 RC0603FR-072K49L in D:\OneDrive\workspace\altium\Work\lora_carrier\Sheet1.SchDoc with RC0603FR-072K49L from lora_carrier.SCHLIB
Replace Part R27 SFR03EZPF1002 in D:\OneDrive\workspace\altium\Work\lora_carrier\Sheet1.SchDoc with SFR03EZPF1002 from lora_carrier.SCHLIB
Replace Part R28 CRCW06031K00FKEAC in D:\OneDrive\workspace\altium\Work\lora_carrier\Sheet1.SchDoc with CRCW06031K00FKEAC from lora_carrier.SCHLIB
Replace Part R29 CRCW06031K00FKEAC in D:\OneDrive\workspace\altium\Work\lora_carrier\Sheet1.SchDoc with CRCW06031K00FKEAC from lora_carrier.SCHLIB
Replace Part R30 SFR03EZPF1002 in D:\OneDrive\workspace\altium\Work\lora_carrier\Sheet1.SchDoc with SFR03EZPF1002 from lora_carrier.SCHLIB
Replace Part R31 CRCW06030000Z0EAC in D:\OneDrive\workspace\altium\Work\lora_carrier\Sheet1.SchDoc with CRCW06030000Z0EAC from lora_carrier.SCHLIB
Replace Part R32 RC0603FR-071ML in D:\OneDrive\workspace\altium\Work\lora_carrier\Sheet1.SchDoc with RC0603FR-071ML from lora_carrier.SCHLIB
Replace Part R33 RC0603FR-071ML in D:\OneDrive\workspace\altium\Work\lora_carrier\Sheet1.SchDoc with RC0603FR-071ML from lora_carrier.SCHLIB
Replace Part U1 node_v1 in D:\OneDrive\workspace\altium\Work\lora_carrier\Sheet1.SchDoc with node_v1 from lora_carrier.SCHLIB
Replace Part U2 MCP9808T-E/MS in D:\OneDrive\workspace\altium\Work\lora_carrier\Sheet1.SchDoc with MCP9808T-E/MS from lora_carrier.SCHLIB
Replace Part U4 MCP6001T-I/OT in D:\OneDrive\workspace\altium\Work\lora_carrier\Sheet1.SchDoc with MCP6001T-I/OT from lora_carrier.SCHLIB
Replace Part U5 IP4220CZ6F in D:\OneDrive\workspace\altium\Work\lora_carrier\Sheet1.SchDoc with IP4220CZ6F from lora_carrier.SCHLIB
Replace Part U6 IP4220CZ6F in D:\OneDrive\workspace\altium\Work\lora_carrier\Sheet1.SchDoc with IP4220CZ6F from lora_carrier.SCHLIB
Replace Part U7 IP4220CZ6F in D:\OneDrive\workspace\altium\Work\lora_carrier\Sheet1.SchDoc with IP4220CZ6F from lora_carrier.SCHLIB
