Change Component Footprint: Designator=R1 Old Footprint=AXIAL-0.3 New Footprint=ChipYAGEO_0603
Added Component: Designator=VR1(SOT23-TLV755P)
Add component. Clean all parameters for all variants
Add component (AddParameter): Name = "Brand"; Value = "Texas Instruments"; VariantName = "[No Variations]"
Add component (AddParameter): Name = "Category"; Value = "LDO Voltage Regulators"; VariantName = "[No Variations]"
Add component (AddParameter): Name = "CNHTS"; Value = "8542319000"; VariantName = "[No Variations]"
Add component (AddParameter): Name = "ComponentLink1Description"; Value = ""; VariantName = "[No Variations]"
Add component (AddParameter): Name = "ComponentLink1URL"; Value = ""; VariantName = "[No Variations]"
Add component (AddParameter): Name = "Dropout Voltage"; Value = "220 mV"; VariantName = "[No Variations]"
Add component (AddParameter): Name = "Dropout Voltage - Max"; Value = "215 mV"; VariantName = "[No Variations]"
Add component (AddParameter): Name = "HTS Code"; Value = "8542390001"; VariantName = "[No Variations]"
Add component (AddParameter): Name = "Input Voltage MAX"; Value = "5.5 V"; VariantName = "[No Variations]"
Add component (AddParameter): Name = "Input Voltage MIN"; Value = "1.45 V"; VariantName = "[No Variations]"
Add component (AddParameter): Name = "Line Regulation"; Value = "2 mV"; VariantName = "[No Variations]"
Add component (AddParameter): Name = "Load Regulation"; Value = "0.06 V/A"; VariantName = "[No Variations]"
Add component (AddParameter): Name = "Manufacturer"; Value = "Texas Instruments"; VariantName = "[No Variations]"
Add component (AddParameter): Name = "Manufacturer Part Number"; Value = "TLV75533PDBVR"; VariantName = "[No Variations]"
Add component (AddParameter): Name = "Maximum Operating Temperature"; Value = "+ 125 C"; VariantName = "[No Variations]"
Add component (AddParameter): Name = "Minimum Operating Temperature"; Value = "- 40 C"; VariantName = "[No Variations]"
Add component (AddParameter): Name = "Minimum Order Quantity"; Value = "1"; VariantName = "[No Variations]"
Add component (AddParameter): Name = "Mounting Style"; Value = "SMD/SMT"; VariantName = "[No Variations]"
Add component (AddParameter): Name = "Number of Outputs"; Value = "1 Output"; VariantName = "[No Variations]"
Add component (AddParameter): Name = "Operating Temperature Range"; Value = "- 40 C to + 125 C"; VariantName = "[No Variations]"
Add component (AddParameter): Name = "Output Current"; Value = "500 mA"; VariantName = "[No Variations]"
Add component (AddParameter): Name = "Output Type"; Value = "Fixed"; VariantName = "[No Variations]"
Add component (AddParameter): Name = "Output Voltage"; Value = "3.3 V"; VariantName = "[No Variations]"
Add component (AddParameter): Name = "Output Voltage Range"; Value = "-"; VariantName = "[No Variations]"
Add component (AddParameter): Name = "Package / Case"; Value = "SOT-23-5"; VariantName = "[No Variations]"
Add component (AddParameter): Name = "Packaging"; Value = "Cut Tape"; VariantName = "[No Variations]"
Add component (AddParameter): Name = "Polarity"; Value = "Positive"; VariantName = "[No Variations]"
Add component (AddParameter): Name = "Pricing 1"; Value = "1=0.541, 10=0.454, 100=0.292, 1000=0.234, 2000=0.212, 3000=0.197, 9000=0.190 (EUR)"; VariantName = "[No Variations]"
Add component (AddParameter): Name = "Product"; Value = "LDO Voltage Regulators"; VariantName = "[No Variations]"
Add component (AddParameter): Name = "Product Status"; Value = "New Product"; VariantName = "[No Variations]"
Add component (AddParameter): Name = "Product Type"; Value = "LDO Voltage Regulators"; VariantName = "[No Variations]"
Add component (AddParameter): Name = "PSRR / Ripple Rejection - Typ"; Value = "46 dB"; VariantName = "[No Variations]"
Add component (AddParameter): Name = "Quiescent Current"; Value = "25 uA"; VariantName = "[No Variations]"
Add component (AddParameter): Name = "Reeling"; Value = "True"; VariantName = "[No Variations]"
Add component (AddParameter): Name = "RoHS"; Value = "RoHS Compliant"; VariantName = "[No Variations]"
Add component (AddParameter): Name = "RoHS - Mouser"; Value = "Y"; VariantName = "[No Variations]"
Add component (AddParameter): Name = "Series"; Value = "TLV755P"; VariantName = "[No Variations]"
Add component (AddParameter): Name = "Standard Pack Qty"; Value = "3000"; VariantName = "[No Variations]"
Add component (AddParameter): Name = "Stock 1"; Value = "48621"; VariantName = "[No Variations]"
Add component (AddParameter): Name = "Subcategory"; Value = "PMIC - Power Management ICs"; VariantName = "[No Variations]"
Add component (AddParameter): Name = "Supplier 1"; Value = "Mouser"; VariantName = "[No Variations]"
Add component (AddParameter): Name = "Supplier Part Number 1"; Value = "595-TLV75533PDBVR"; VariantName = "[No Variations]"
Add component (AddParameter): Name = "Type"; Value = "Low Quiescent Current, Ultra Small"; VariantName = "[No Variations]"
Add component (AddParameter): Name = "Voltage Regulation Accuracy"; Value = "1.5 %"; VariantName = "[No Variations]"
Added Pin To Net: NetName=VREF Pin=VR1-1
Added Pin To Net: NetName=GND Pin=VR1-3
Added Pin To Net: NetName=Vin Pin=VR1-4
Added Member To Class: ClassName=mcu Member=Component VR1 TLV755P
