Added Component: Designator=P5(ULFConnector)
Add component. Clean all parameters for all variants
Add component (AddParameter): Name = "Body Finish"; Value = "Nickel"; VariantName = "[No Variations]"
Add component (AddParameter): Name = "Body Material"; Value = "Liquid Crystal Polymer (LCP)"; VariantName = "[No Variations]"
Add component (AddParameter): Name = "Body Style"; Value = "Straight"; VariantName = "[No Variations]"
Add component (AddParameter): Name = "Brand"; Value = "Linx Technologies"; VariantName = "[No Variations]"
Add component (AddParameter): Name = "Cable Type"; Value = "-"; VariantName = "[No Variations]"
Add component (AddParameter): Name = "Category"; Value = "RF Connectors / Coaxial Connectors"; VariantName = "[No Variations]"
Add component (AddParameter): Name = "CNHTS"; Value = "8538900000"; VariantName = "[No Variations]"
Add component (AddParameter): Name = "ComponentLink1Description"; Value = "http://www.mouser.com/datasheet/2/238/conufl001-smd-1130574.pdf"; VariantName = "[No Variations]"
Add component (AddParameter): Name = "ComponentLink1URL"; Value = "http://www.mouser.com/datasheet/2/238/conufl001-smd-1130574.pdf"; VariantName = "[No Variations]"
Add component (AddParameter): Name = "Contact Material"; Value = "Copper Alloy"; VariantName = "[No Variations]"
Add component (AddParameter): Name = "Contact Plating"; Value = "Gold"; VariantName = "[No Variations]"
Add component (AddParameter): Name = "Contact Termination"; Value = "Solder"; VariantName = "[No Variations]"
Add component (AddParameter): Name = "Gender"; Value = "Jack (Female)"; VariantName = "[No Variations]"
Add component (AddParameter): Name = "HTS Code"; Value = "8536694010"; VariantName = "[No Variations]"
Add component (AddParameter): Name = "Impedance"; Value = "50 Ohms"; VariantName = "[No Variations]"
Add component (AddParameter): Name = "Insulation Resistance"; Value = "500 MOhms"; VariantName = "[No Variations]"
Add component (AddParameter): Name = "LatestRevisionDate"; Value = "17-Jul-2002"; VariantName = "[No Variations]"
Add component (AddParameter): Name = "LatestRevisionNote"; Value = "Re-released for DXP Platform."; VariantName = "[No Variations]"
Add component (AddParameter): Name = "Manufacturer"; Value = "Linx Technologies"; VariantName = "[No Variations]"
Add component (AddParameter): Name = "Manufacturer Part Number"; Value = "CONUFL001-SMD"; VariantName = "[No Variations]"
Add component (AddParameter): Name = "Mating Cycles"; Value = "30 Min"; VariantName = "[No Variations]"
Add component (AddParameter): Name = "Maximum Frequency"; Value = "6 GHz"; VariantName = "[No Variations]"
Add component (AddParameter): Name = "Maximum Operating Temperature"; Value = "+ 90 C"; VariantName = "[No Variations]"
Add component (AddParameter): Name = "Minimum Frequency"; Value = "-"; VariantName = "[No Variations]"
Add component (AddParameter): Name = "Minimum Operating Temperature"; Value = "- 40 C"; VariantName = "[No Variations]"
Add component (AddParameter): Name = "Minimum Order Quantity"; Value = "1"; VariantName = "[No Variations]"
Add component (AddParameter): Name = "Mounting Type"; Value = "PCB Surface Mount"; VariantName = "[No Variations]"
Add component (AddParameter): Name = "MXHTS"; Value = "85366999"; VariantName = "[No Variations]"
Add component (AddParameter): Name = "Orientation"; Value = "Straight"; VariantName = "[No Variations]"
Add component (AddParameter): Name = "Polarity"; Value = "Standard"; VariantName = "[No Variations]"
Add component (AddParameter): Name = "Pricing 1"; Value = "1=0.603, 25=0.550, 100=0.515, 500=0.499 (EUR)"; VariantName = "[No Variations]"
Add component (AddParameter): Name = "Product"; Value = "Connectors"; VariantName = "[No Variations]"
Add component (AddParameter): Name = "Product Status"; Value = "New Product"; VariantName = "[No Variations]"
Add component (AddParameter): Name = "Product Type"; Value = "RF Connectors / Coaxial Connectors"; VariantName = "[No Variations]"
Add component (AddParameter): Name = "Publisher"; Value = "Altium Limited"; VariantName = "[No Variations]"
Add component (AddParameter): Name = "Reeling"; Value = "False"; VariantName = "[No Variations]"
Add component (AddParameter): Name = "RF Series"; Value = "U.FL"; VariantName = "[No Variations]"
Add component (AddParameter): Name = "RoHS"; Value = "RoHS Compliant"; VariantName = "[No Variations]"
Add component (AddParameter): Name = "RoHS - Mouser"; Value = "Y"; VariantName = "[No Variations]"
Add component (AddParameter): Name = "Series"; Value = "CONUFL001"; VariantName = "[No Variations]"
Add component (AddParameter): Name = "Standard Pack Qty"; Value = "1"; VariantName = "[No Variations]"
Add component (AddParameter): Name = "Stock 1"; Value = "5342"; VariantName = "[No Variations]"
Add component (AddParameter): Name = "Subcategory"; Value = "RF Interconnects"; VariantName = "[No Variations]"
Add component (AddParameter): Name = "Supplier 1"; Value = "Mouser"; VariantName = "[No Variations]"
Add component (AddParameter): Name = "Supplier Part Number 1"; Value = "712-CONUFL001-SMD"; VariantName = "[No Variations]"
Add component (AddParameter): Name = "TARIC"; Value = "8536691000"; VariantName = "[No Variations]"
Add component (AddParameter): Name = "Termination Style"; Value = "SMD/SMT"; VariantName = "[No Variations]"
Add component (AddParameter): Name = "Voltage Rating"; Value = "60 VRMS"; VariantName = "[No Variations]"
Added Pin To Net: NetName=NetC6_1 Pin=P5-1
Added Pin To Net: NetName=GND Pin=P5-2
Added Pin To Net: NetName=GND Pin=P5-2
Added Member To Class: ClassName=mcu Member=Component P5 ULF connector
